<?xml version="1.0" encoding="UTF-8"?>
<!-- Generated by org.testng.reporters.JUnitXMLReporter -->
<testsuite hostname="LAPTOP-DHJLKDTK" ignored="0" name="HomePage" tests="2" failures="2" timestamp="23 Jun 2020 13:58:11 GMT" time="10.43" errors="0">
  <testcase name="validate" time="0.007" classname="base.Validation">
    <failure type="java.lang.NullPointerException">
      <![CDATA[java.lang.NullPointerExceptionat org.openqa.selenium.support.pagefactory.DefaultElementLocator.findElement(DefaultElementLocator.java:69)at org.openqa.selenium.support.pagefactory.internal.LocatingElementHandler.invoke(LocatingElementHandler.java:38)at com.sun.proxy.$Proxy24.getText(Unknown Source)at base.Validation.validate(Validation.java:33)... Removed 29 stack frames]]>
    </failure>
  </testcase> <!-- validate -->
  <testcase name="validateBanner" time="0.0" classname="base.Validation">
    <failure type="java.lang.NullPointerException">
      <![CDATA[java.lang.NullPointerExceptionat org.openqa.selenium.support.pagefactory.DefaultElementLocator.findElement(DefaultElementLocator.java:69)at org.openqa.selenium.support.pagefactory.internal.LocatingElementHandler.invoke(LocatingElementHandler.java:38)at com.sun.proxy.$Proxy24.getText(Unknown Source)at base.Validation.validateBanner(Validation.java:45)... Removed 29 stack frames]]>
    </failure>
  </testcase> <!-- validateBanner -->
</testsuite> <!-- HomePage -->
